0 info it worked if it ends with ok
1 verbose cli [ 'C:\\Program Files\\nodejs\\node.exe',
1 verbose cli   'C:\\Program Files\\nodejs\\node_modules\\npm\\bin\\npm-cli.js',
1 verbose cli   'start' ]
2 info using npm@3.10.10
3 info using node@v6.10.0
4 verbose run-script [ 'prestart', 'start', 'poststart' ]
5 info lifecycle ctb-website@1.0.0~prestart: ctb-website@1.0.0
6 silly lifecycle ctb-website@1.0.0~prestart: no script for prestart, continuing
7 info lifecycle ctb-website@1.0.0~start: ctb-website@1.0.0
8 verbose lifecycle ctb-website@1.0.0~start: unsafe-perm in lifecycle true
9 verbose lifecycle ctb-website@1.0.0~start: PATH: C:\Users\tompl\AppData\Roaming\nvm\v6.10.0\node_modules\npm\bin\node-gyp-bin;C:\Users\tompl\Documents\Projects_self\CTB\ctb-website\node_modules\.bin;C:\ProgramData\Oracle\Java\javapath;C:\Program Files (x86)\Intel\iCLS Client\;C:\Program Files\Intel\iCLS Client\;C:\Windows\system32;C:\Windows;C:\Windows\System32\Wbem;C:\Windows\System32\WindowsPowerShell\v1.0\;C:\Program Files (x86)\NVIDIA Corporation\PhysX\Common;C:\Program Files (x86)\Intel\Intel(R) Management Engine Components\DAL;C:\Program Files\Intel\Intel(R) Management Engine Components\DAL;C:\Program Files (x86)\Intel\Intel(R) Management Engine Components\IPT;C:\Program Files\Intel\Intel(R) Management Engine Components\IPT;C:\Program Files\Git\cmd;C:\Program Files\Microsoft SQL Server\130\Tools\Binn\;C:\WINDOWS\system32;C:\WINDOWS;C:\WINDOWS\System32\Wbem;C:\WINDOWS\System32\WindowsPowerShell\v1.0\;C:\Program Files (x86)\MySQL\MySQL Fabric 1.5 & MySQL Utilities 1.5\;C:\Program Files (x86)\MySQL\MySQL Fabric 1.5 & MySQL Utilities 1.5\Doctrine extensions for PHP\;C:\Program Files (x86)\PuTTY\;C:\Program Files (x86)\Brackets\command;C:\Program Files (x86)\Skype\Phone\;C:\Program Files\Cloud Foundry;C:\Program Files\Amazon\AWSCLI\;C:\Program Files (x86)\Windows Kits\8.1\Windows Performance Toolkit\;C:\Program Files\Intel\WiFi\bin\;C:\Program Files\Common Files\Intel\WirelessCommon\;C:\Program Files\IBM\Bluemix\bin;C:\Users\tompl\AppData\Roaming\nvm;C:\Program Files\nodejs;C:\Program Files (x86)\Yarn\bin;C:\Users\tompl\Anaconda3;C:\Users\tompl\Anaconda3\Scripts;C:\Users\tompl\Anaconda3\Library\bin;C:\Users\tompl\AppData\Local\.meteor\;C:\Users\tompl\AppData\Local\Microsoft\WindowsApps;C:\Program Files\Docker Toolbox;C:\Users\tompl\.babun;C:\Users\tompl\AppData\Roaming\npm;C:\Ruby23\bin;C:\Users\tompl\AppData\Local\Android\sdk\platform-tools;C:\server\apache-maven-3.5.0-bin\apache-maven-3.5.0\bin;C:\Users\tompl\AppData\Roaming\nvm;C:\Program Files\nodejs;C:\Users\tompl\AppData\Local\Yarn\bin;;C:\Program Files (x86)\Microsoft VS Code\bin
10 verbose lifecycle ctb-website@1.0.0~start: CWD: C:\Users\tompl\Documents\Projects_self\CTB\ctb-website
11 silly lifecycle ctb-website@1.0.0~start: Args: [ '/d /s /c', 'node server.js' ]
12 silly lifecycle ctb-website@1.0.0~start: Returned: code: 1  signal: null
13 info lifecycle ctb-website@1.0.0~start: Failed to exec start script
14 verbose stack Error: ctb-website@1.0.0 start: `node server.js`
14 verbose stack Exit status 1
14 verbose stack     at EventEmitter.<anonymous> (C:\Users\tompl\AppData\Roaming\nvm\v6.10.0\node_modules\npm\lib\utils\lifecycle.js:255:16)
14 verbose stack     at emitTwo (events.js:106:13)
14 verbose stack     at EventEmitter.emit (events.js:191:7)
14 verbose stack     at ChildProcess.<anonymous> (C:\Users\tompl\AppData\Roaming\nvm\v6.10.0\node_modules\npm\lib\utils\spawn.js:40:14)
14 verbose stack     at emitTwo (events.js:106:13)
14 verbose stack     at ChildProcess.emit (events.js:191:7)
14 verbose stack     at maybeClose (internal/child_process.js:877:16)
14 verbose stack     at Process.ChildProcess._handle.onexit (internal/child_process.js:226:5)
15 verbose pkgid ctb-website@1.0.0
16 verbose cwd C:\Users\tompl\Documents\Projects_self\CTB\ctb-website
17 error Windows_NT 10.0.15063
18 error argv "C:\\Program Files\\nodejs\\node.exe" "C:\\Program Files\\nodejs\\node_modules\\npm\\bin\\npm-cli.js" "start"
19 error node v6.10.0
20 error npm  v3.10.10
21 error code ELIFECYCLE
22 error ctb-website@1.0.0 start: `node server.js`
22 error Exit status 1
23 error Failed at the ctb-website@1.0.0 start script 'node server.js'.
23 error Make sure you have the latest version of node.js and npm installed.
23 error If you do, this is most likely a problem with the ctb-website package,
23 error not with npm itself.
23 error Tell the author that this fails on your system:
23 error     node server.js
23 error You can get information on how to open an issue for this project with:
23 error     npm bugs ctb-website
23 error Or if that isn't available, you can get their info via:
23 error     npm owner ls ctb-website
23 error There is likely additional logging output above.
24 verbose exit [ 1, true ]
